<?xml version="1.0" encoding="UTF-8"?>
<!-- Generated by org.testng.reporters.JUnitReportReporter -->
<testsuite hostname="DESKTOP-VGCFTBT" failures="0" tests="3" name="com.hospiol.testcases.Logintest" time="21.774" errors="0" timestamp="2023-09-06T15:26:08 IST" skipped="0">
  <testcase classname="com.hospiol.testcases.Logintest" name="verifygivenurl" time="2.551"/>
  <testcase classname="com.hospiol.testcases.Logintest" name="validatelogin" time="12.519"/>
  <testcase classname="com.hospiol.testcases.Logintest" name="validateurl" time="6.704"/>
</testsuite> <!-- com.hospiol.testcases.Logintest -->
