<?xml version="1.0" encoding="UTF-8"?>
<!-- Generated by org.testng.reporters.JUnitReportReporter -->
<testsuite hostname="DESKTOP-1KMDQFU" failures="0" tests="3" name="com.hospiol.testcases.Logintest" time="14.258" errors="0" timestamp="12 Aug 2023 19:06:52 GMT">
  <testcase classname="com.hospiol.testcases.Logintest" name="validateurl" time="5.619"/>
  <testcase classname="com.hospiol.testcases.Logintest" name="verifygivenurl" time="2.883"/>
  <testcase classname="com.hospiol.testcases.Logintest" name="validatelogin" time="5.756"/>
</testsuite> <!-- com.hospiol.testcases.Logintest -->
